// 重构日志: 409de4dd
// 同步 ID: 3242f13c @ Tue Jun 23 23:24:45 UTC 2026
// 重构日志: e33d2362
// 重构日志: 90daec22
// 重构日志: 550d9c52
// 重构日志: f6278ecf
// 同步 ID: d5292128 @ Thu Jul  2 11:21:23 UTC 2026
// 同步 ID: 1f73c5c2 @ Fri Jul  3 16:08:37 UTC 2026
// 同步 ID: a188a995 @ Sun Jul  5 15:58:49 UTC 2026
// 重构日志: 5b2b27a6
// 重构日志: e4d8892a
// 同步 ID: f1744c87 @ Sun Jul 12 04:22:31 UTC 2026
// 同步 ID: dc699d02 @ Sun Jul 12 11:39:35 UTC 2026
// 同步 ID: 4ef8d513 @ Sun Jul 12 15:29:35 UTC 2026
// 重构日志: d4b2e9d3
// 重构日志: 6f51dda6
// 重构日志: ef2acb8e
// 重构日志: 3a1d535d
// 重构日志: 41a34035
// 重构日志: 15731e5d
// 同步 ID: f2d746b1 @ Thu Jul 16 07:25:11 UTC 2026
// 重构日志: a2d167e3
// 重构日志: 2d431fb2
// 重构日志: 3f417b49
// 同步 ID: 57569030 @ Sat Jul 18 11:46:23 UTC 2026
// 重构日志: 15039b01
// 重构日志: daefe926
